# QueryOrder API Log

**Date**: 2025-10-30 08:23:16
**Endpoint**: https://test.netstorming.net/kalima/call.php
**Duration**: 0.39 seconds

---

## REQUEST

### Headers
```
Content-Type: text/xml; charset=utf-8
```

### XML Body
```xml
<?xml version="1.0" encoding="UTF-8"?>
<envelope>
    <header>
        <credential>
            <actor>ttdbooking</actor>
            <user>xmluser</user>
            <password>ttdbookxml</password>
        </credential>
        <version>1.7.1</version>
        <timestamp>20251030082316</timestamp>
    </header>
    <query type="query" product="hotel">
        <booking code="B0725EBDLN"/>
    </query>
</envelope>
```

---

## RESPONSE

### Status
- **Code**: 200
- **Type**: track
- **Product**: hotel

### XML Body
```xml
<?xml version="1.0" encoding="utf-8"?>
<envelope>
    <header>
        <version port="4002" host="ns002test.cloud.netstorming.net">1.7.2</version>
        <timestamp>20251030052317</timestamp>
    </header>
    <response type="track" product="hotel">
        <supplier code="B0725EBDLN">Demo TOWeRS</supplier>
        <booking code="B0725EBDLN"/>
        <invoiced by="xmlusers"/>
        <status code="cxl"/>
        <lastmodified datetime="2025-07-12 20:15:15"/>
        <checkin date="2025-07-15"/>
        <checkout date="2025-07-16"/>
        <city code="ROM">ROME</city>
        <hotel code="305592" agreement="LCL.10000040" ctype="523" c_type="523" city="ROM" is_dynamic="false" room_type="ESTATE SUITE ROOM"/>
        <reference code="1234" hcn=""/>
        <currency code="USD"/>
        <roombasis meal="RO" breakfast="X"/>
        <deadline date="2025-07-13" time="00:00:00"/>
        <nationality code="CN"/>
        <details>
            <room type="tsu">
                <pax title="MR" initial="John" surname="Doe" leader="true"/>
                <prices>
                    <roomprice nett="0.00" gross="0.00"/>
                    <extrabedprice nett="0.00" gross="0.00"/>
                    <cotprice nett="0.00" gross="0.00"/>
                </prices>
            </room>
        </details>
    </response>
</envelope>
```

### Key Response Data
- **Booking Code**: B0725EBDLN
- **Status**: CXL (Cancelled)
- **Hotel Code**: 305592
- **Agreement ID**: LCL.10000040
- **Room Type**: ESTATE SUITE ROOM
- **Room Basis**: RO (Room Only)
- **Check-in**: 2025-07-15
- **Check-out**: 2025-07-16
- **Guest**: Mr. John Doe
- **Currency**: USD
